<?xml version="1.0" encoding="UTF-8" ?>
<testsuite tests="14" failures="0" name="calculator.CalculatorTest" time="0.006" errors="0" skipped="0">
  <properties>
    <property name="idea.version" value="2022.1.1"/>
    <property name="java.runtime.name" value="OpenJDK Runtime Environment"/>
    <property name="sun.boot.library.path" value="C:\Program Files\OpenJDK\jdk-8.0.332.09-hotspot\jre\bin"/>
    <property name="java.vm.version" value="25.71-b09"/>
    <property name="java.vm.vendor" value="Oracle Corporation"/>
    <property name="maven.multiModuleProjectDirectory" value="C:\Users\michi\IdeaProjects\SEG3103-Assignment4"/>
    <property name="java.vendor.url" value="http://java.oracle.com/"/>
    <property name="path.separator" value=";"/>
    <property name="guice.disable.misplaced.annotation.check" value="true"/>
    <property name="java.vm.name" value="OpenJDK 64-Bit Server VM"/>
    <property name="file.encoding.pkg" value="sun.io"/>
    <property name="user.script" value=""/>
    <property name="user.country" value="US"/>
    <property name="sun.java.launcher" value="SUN_STANDARD"/>
    <property name="sun.os.patch.level" value=""/>
    <property name="java.vm.specification.name" value="Java Virtual Machine Specification"/>
    <property name="user.dir" value="C:\Users\michi\IdeaProjects\SEG3103-Assignment4"/>
    <property name="java.runtime.version" value="1.8.0-332-b09"/>
    <property name="java.awt.graphicsenv" value="sun.awt.Win32GraphicsEnvironment"/>
    <property name="java.endorsed.dirs" value="C:\Program Files\OpenJDK\jdk-8.0.332.09-hotspot\jre\lib\endorsed"/>
    <property name="os.arch" value="amd64"/>
    <property name="java.io.tmpdir" value="C:\Users\michi\AppData\Local\Temp\"/>
    <property name="line.separator" value="
"/>
    <property name="java.vm.specification.vendor" value="Oracle Corporation"/>
    <property name="user.variant" value=""/>
    <property name="os.name" value="Windows 10"/>
    <property name="maven.ext.class.path" value="C:\Program Files\JetBrains\IntelliJ IDEA Community Edition 2022.1.1\plugins\maven\lib\maven-event-listener.jar"/>
    <property name="classworlds.conf" value="C:\Program Files\JetBrains\IntelliJ IDEA Community Edition 2022.1.1\plugins\maven\lib\maven3\bin\m2.conf"/>
    <property name="sun.jnu.encoding" value="Cp1252"/>
    <property name="java.library.path" value="C:\Program Files\OpenJDK\jdk-8.0.332.09-hotspot\bin;C:\WINDOWS\Sun\Java\bin;C:\WINDOWS\system32;C:\WINDOWS;C:\Program Files\OpenJDK\jdk-8.0.332.09-hotspot\bin;C:\Program Files\Common Files\Oracle\Java\javapath;C:\Program Files\AdoptOpenJDK\jdk-8.0.275.1-hotspot\bin;C:\Windows\system32;C:\Windows;C:\Windows\System32\Wbem;C:\Windows\System32\WindowsPowerShell\v1.0\;C:\Windows\System32\OpenSSH\;C:\Program Files (x86)\NVIDIA Corporation\PhysX\Common;C:\Program Files\NVIDIA Corporation\NVIDIA NvDLISR;C:\Program Files\Git\cmd;C:\WINDOWS\system32;C:\WINDOWS;C:\WINDOWS\System32\Wbem;C:\WINDOWS\System32\WindowsPowerShell\v1.0\;C:\WINDOWS\System32\OpenSSH\;C:\Program Files\nodejs\;C:\ProgramData\chocolatey\bin;C:\Program Files\Azure Data Studio\bin;C:\Program Files\Microsoft SQL Server\Client SDK\ODBC\170\Tools\Binn\;C:\Program Files (x86)\Microsoft SQL Server\150\Tools\Binn\;C:\Program Files\Microsoft SQL Server\150\Tools\Binn\;C:\Program Files\Microsoft SQL Server\150\DTS\Binn\;C:\Program Files\dotnet\;C:\Users\michi\AppData\Local\Microsoft\WindowsApps;C:\Program Files\mingw-w64\mingw-w64\bin;C:\mingw-w64\bin;C:\Program Files\Ruby27-x64\bin;C:\Program Files\Java\jdk-15.0.1\bin\javac/exe;C:\Users\michi\AppData\Local\Programs\Microsoft VS Code\bin;C:\Users\michi\AppData\Roaming\npm;C:\Users\michi\AppData\Local\GitHubDesktop\bin;;C:\Program Files\Azure Data Studio\bin;C:\Users\michi\.dotnet\tools;."/>
    <property name="maven.conf" value="C:\Program Files\JetBrains\IntelliJ IDEA Community Edition 2022.1.1\plugins\maven\lib\maven3/conf"/>
    <property name="java.specification.name" value="Java Platform API Specification"/>
    <property name="java.class.version" value="52.0"/>
    <property name="sun.management.compiler" value="HotSpot 64-Bit Tiered Compilers"/>
    <property name="os.version" value="10.0"/>
    <property name="user.home" value="C:\Users\michi"/>
    <property name="user.timezone" value="America/New_York"/>
    <property name="java.awt.printerjob" value="sun.awt.windows.WPrinterJob"/>
    <property name="java.specification.version" value="1.8"/>
    <property name="file.encoding" value="UTF-8"/>
    <property name="user.name" value="michi"/>
    <property name="java.class.path" value="C:\Program Files\JetBrains\IntelliJ IDEA Community Edition 2022.1.1\plugins\maven\lib\maven3\boot\plexus-classworlds-2.6.0.jar;C:\Program Files\JetBrains\IntelliJ IDEA Community Edition 2022.1.1\plugins\maven\lib\maven3\boot\plexus-classworlds.license;C:\Program Files\JetBrains\IntelliJ IDEA Community Edition 2022.1.1\lib\idea_rt.jar"/>
    <property name="java.vm.specification.version" value="1.8"/>
    <property name="sun.arch.data.model" value="64"/>
    <property name="java.home" value="C:\Program Files\OpenJDK\jdk-8.0.332.09-hotspot\jre"/>
    <property name="sun.java.command" value="org.codehaus.classworlds.Launcher -Didea.version=2022.1.1 install"/>
    <property name="java.specification.vendor" value="Oracle Corporation"/>
    <property name="user.language" value="en"/>
    <property name="awt.toolkit" value="sun.awt.windows.WToolkit"/>
    <property name="java.vm.info" value="mixed mode"/>
    <property name="java.version" value="1.8.0-332"/>
    <property name="java.ext.dirs" value="C:\Program Files\OpenJDK\jdk-8.0.332.09-hotspot\jre\lib\ext;C:\WINDOWS\Sun\Java\lib\ext"/>
    <property name="sun.boot.class.path" value="C:\Program Files\OpenJDK\jdk-8.0.332.09-hotspot\jre\lib\resources.jar;C:\Program Files\OpenJDK\jdk-8.0.332.09-hotspot\jre\lib\rt.jar;C:\Program Files\OpenJDK\jdk-8.0.332.09-hotspot\jre\lib\sunrsasign.jar;C:\Program Files\OpenJDK\jdk-8.0.332.09-hotspot\jre\lib\jsse.jar;C:\Program Files\OpenJDK\jdk-8.0.332.09-hotspot\jre\lib\jce.jar;C:\Program Files\OpenJDK\jdk-8.0.332.09-hotspot\jre\lib\charsets.jar;C:\Program Files\OpenJDK\jdk-8.0.332.09-hotspot\jre\lib\jfr.jar;C:\Program Files\OpenJDK\jdk-8.0.332.09-hotspot\jre\classes"/>
    <property name="java.vendor" value="OpenLogic-OpenJDK"/>
    <property name="maven.home" value="C:\Program Files\JetBrains\IntelliJ IDEA Community Edition 2022.1.1\plugins\maven\lib\maven3"/>
    <property name="file.separator" value="\"/>
    <property name="java.vendor.url.bug" value="http://bugreport.sun.com/bugreport/"/>
    <property name="sun.cpu.endian" value="little"/>
    <property name="sun.io.unicode.encoding" value="UnicodeLittle"/>
    <property name="sun.desktop" value="windows"/>
    <property name="sun.cpu.isalist" value="amd64"/>
  </properties>
  <testcase classname="calculator.CalculatorTest" name="nullTest" time="0.003"/>
  <testcase classname="calculator.CalculatorTest" name="inverseTest" time="0"/>
  <testcase classname="calculator.CalculatorTest" name="addTest" time="0"/>
  <testcase classname="calculator.CalculatorTest" name="lnTest" time="0"/>
  <testcase classname="calculator.CalculatorTest" name="rootTest" time="0"/>
  <testcase classname="calculator.CalculatorTest" name="diffTest" time="0"/>
  <testcase classname="calculator.CalculatorTest" name="areaCircleTest1" time="0"/>
  <testcase classname="calculator.CalculatorTest" name="exponTest" time="0.001"/>
  <testcase classname="calculator.CalculatorTest" name="ceilingvalTest" time="0"/>
  <testcase classname="calculator.CalculatorTest" name="illegalCalculationErrorTest" time="0.001"/>
  <testcase classname="calculator.CalculatorTest" name="hypotenuseTest" time="0"/>
  <testcase classname="calculator.CalculatorTest" name="log10Test" time="0"/>
  <testcase classname="calculator.CalculatorTest" name="mulTest" time="0"/>
  <testcase classname="calculator.CalculatorTest" name="divTest" time="0.001"/>
</testsuite>