<?xml version="1.0" encoding="UTF-8"?>
<!-- Generated by org.testng.reporters.JUnitReportReporter -->
<testsuite hostname="LAPTOP-T5KUFP6T" failures="0" tests="21" name="TestNG" time="0.024" errors="0" timestamp="2022-07-06T20:43:59 EDT" skipped="0">
  <testcase classname="TestNG" name="releaseRightPedalTest2" time="0.001"/>
  <system-out/>
  <testcase classname="TestNG" name="pressRightPedalOnceTest" time="0.000"/>
  <system-out/>
  <testcase classname="TestNG" name="pressRightPedalTest" time="0.001"/>
  <system-out/>
  <testcase classname="TestNG" name="releasePedalsTest2" time="0.000"/>
  <system-out/>
  <testcase classname="TestNG" name="testPressLeftPedal" time="0.001"/>
  <system-out/>
  <testcase classname="TestNG" name="testGetState" time="0.001"/>
  <system-out/>
  <testcase classname="TestNG" name="getStateVehiculeOnTest" time="0.002"/>
  <system-out/>
  <testcase classname="TestNG" name="removeKeyTest" time="0.001"/>
  <system-out/>
  <testcase classname="TestNG" name="RoverTest" time="0.006"/>
  <system-out/>
  <testcase classname="TestNG" name="releasePedalsTest" time="0.001"/>
  <system-out/>
  <testcase classname="TestNG" name="getStateFullNameTest" time="0.001"/>
  <system-out/>
  <testcase classname="TestNG" name="turnKeyPressRightPedalTest" time="0.001"/>
  <system-out/>
  <testcase classname="TestNG" name="releaseRightPedalTest" time="0.001"/>
  <system-out/>
  <testcase classname="TestNG" name="pressRightPedalTwiceTest" time="0.001"/>
  <system-out/>
  <testcase classname="TestNG" name="pressButton1OnceHoldDownBothPedalsTest" time="0.001"/>
  <system-out/>
  <testcase classname="TestNG" name="pressLeftRightPedalTest" time="0.001"/>
  <system-out/>
  <testcase classname="TestNG" name="pressRightPedalOnceTest2" time="0.001"/>
  <system-out/>
  <testcase classname="TestNG" name="testGetState2" time="0.001"/>
  <system-out/>
  <testcase classname="TestNG" name="pressLeftPedalTwiceTest" time="0.000"/>
  <system-out/>
  <testcase classname="TestNG" name="pressLeftPedalOnceTest" time="0.001"/>
  <system-out/>
  <testcase classname="TestNG" name="testPressLeftPedal2" time="0.001"/>
  <system-out/>
</testsuite> <!-- TestNG -->
